Compiling the C compiler identification source file "CMakeCCompilerId.c" failed.
Compiler: /opt/kendryte-toolchain/riscv64-unknown-elf-gcc 
Build flags: ;-mcmodel=medany;-mabi=lp64f;-march=rv64imafc;-fno-common;-ffunction-sections;-fdata-sections;-fstrict-volatile-bitfields;-ffast-math;-fno-math-errno;-fsingle-precision-constant;-O2;-ggdb;-std=gnu11;-Wall;-Werror=all;-Wno-error=unused-function;-Wno-error=unused-but-set-variable;-Wno-error=unused-variable;-Wno-error=deprecated-declarations;-Wno-error=maybe-uninitialized;-Wextra;-Werror=frame-larger-than=65536;-Wno-unused-parameter;-Wno-unused-function;-Wno-implicit-fallthrough;-Wno-sign-compare;-Wno-error=missing-braces;-Wno-old-style-declaration
Id flags:  

The output was:
No such file or directory


Compiling the C compiler identification source file "CMakeCCompilerId.c" failed.
Compiler: /opt/kendryte-toolchain/riscv64-unknown-elf-gcc 
Build flags: ;-mcmodel=medany;-mabi=lp64f;-march=rv64imafc;-fno-common;-ffunction-sections;-fdata-sections;-fstrict-volatile-bitfields;-ffast-math;-fno-math-errno;-fsingle-precision-constant;-O2;-ggdb;-std=gnu11;-Wall;-Werror=all;-Wno-error=unused-function;-Wno-error=unused-but-set-variable;-Wno-error=unused-variable;-Wno-error=deprecated-declarations;-Wno-error=maybe-uninitialized;-Wextra;-Werror=frame-larger-than=65536;-Wno-unused-parameter;-Wno-unused-function;-Wno-implicit-fallthrough;-Wno-sign-compare;-Wno-error=missing-braces;-Wno-old-style-declaration
Id flags: -c 

The output was:
No such file or directory


Compiling the C compiler identification source file "CMakeCCompilerId.c" failed.
Compiler: /opt/kendryte-toolchain/riscv64-unknown-elf-gcc 
Build flags: ;-mcmodel=medany;-mabi=lp64f;-march=rv64imafc;-fno-common;-ffunction-sections;-fdata-sections;-fstrict-volatile-bitfields;-ffast-math;-fno-math-errno;-fsingle-precision-constant;-O2;-ggdb;-std=gnu11;-Wall;-Werror=all;-Wno-error=unused-function;-Wno-error=unused-but-set-variable;-Wno-error=unused-variable;-Wno-error=deprecated-declarations;-Wno-error=maybe-uninitialized;-Wextra;-Werror=frame-larger-than=65536;-Wno-unused-parameter;-Wno-unused-function;-Wno-implicit-fallthrough;-Wno-sign-compare;-Wno-error=missing-braces;-Wno-old-style-declaration
Id flags: -Aa 

The output was:
No such file or directory


Compiling the C compiler identification source file "CMakeCCompilerId.c" failed.
Compiler: /opt/kendryte-toolchain/riscv64-unknown-elf-gcc 
Build flags: ;-mcmodel=medany;-mabi=lp64f;-march=rv64imafc;-fno-common;-ffunction-sections;-fdata-sections;-fstrict-volatile-bitfields;-ffast-math;-fno-math-errno;-fsingle-precision-constant;-O2;-ggdb;-std=gnu11;-Wall;-Werror=all;-Wno-error=unused-function;-Wno-error=unused-but-set-variable;-Wno-error=unused-variable;-Wno-error=deprecated-declarations;-Wno-error=maybe-uninitialized;-Wextra;-Werror=frame-larger-than=65536;-Wno-unused-parameter;-Wno-unused-function;-Wno-implicit-fallthrough;-Wno-sign-compare;-Wno-error=missing-braces;-Wno-old-style-declaration
Id flags: -D__CLASSIC_C__ 

The output was:
No such file or directory


Compiling the C compiler identification source file "CMakeCCompilerId.c" failed.
Compiler: /opt/kendryte-toolchain/riscv64-unknown-elf-gcc 
Build flags: ;-mcmodel=medany;-mabi=lp64f;-march=rv64imafc;-fno-common;-ffunction-sections;-fdata-sections;-fstrict-volatile-bitfields;-ffast-math;-fno-math-errno;-fsingle-precision-constant;-O2;-ggdb;-std=gnu11;-Wall;-Werror=all;-Wno-error=unused-function;-Wno-error=unused-but-set-variable;-Wno-error=unused-variable;-Wno-error=deprecated-declarations;-Wno-error=maybe-uninitialized;-Wextra;-Werror=frame-larger-than=65536;-Wno-unused-parameter;-Wno-unused-function;-Wno-implicit-fallthrough;-Wno-sign-compare;-Wno-error=missing-braces;-Wno-old-style-declaration
Id flags: --target=arm-arm-none-eabi;-mcpu=cortex-m3 

The output was:
No such file or directory


Compiling the C compiler identification source file "CMakeCCompilerId.c" failed.
Compiler: /opt/kendryte-toolchain/riscv64-unknown-elf-gcc 
Build flags: 
Id flags:  

The output was:
No such file or directory


Compiling the C compiler identification source file "CMakeCCompilerId.c" failed.
Compiler: /opt/kendryte-toolchain/riscv64-unknown-elf-gcc 
Build flags: 
Id flags: -c 

The output was:
No such file or directory


Compiling the C compiler identification source file "CMakeCCompilerId.c" failed.
Compiler: /opt/kendryte-toolchain/riscv64-unknown-elf-gcc 
Build flags: 
Id flags: -Aa 

The output was:
No such file or directory


Compiling the C compiler identification source file "CMakeCCompilerId.c" failed.
Compiler: /opt/kendryte-toolchain/riscv64-unknown-elf-gcc 
Build flags: 
Id flags: -D__CLASSIC_C__ 

The output was:
No such file or directory


Compiling the C compiler identification source file "CMakeCCompilerId.c" failed.
Compiler: /opt/kendryte-toolchain/riscv64-unknown-elf-gcc 
Build flags: 
Id flags: --target=arm-arm-none-eabi;-mcpu=cortex-m3 

The output was:
No such file or directory


Checking whether the C compiler is IAR using "" did not match "IAR .+ Compiler":
Checking whether the C compiler is IAR using "" did not match "IAR .+ Compiler":
Compiling the CXX compiler identification source file "CMakeCXXCompilerId.cpp" failed.
Compiler: /opt/kendryte-toolchain/riscv64-unknown-elf-g++ 
Build flags: ;-mcmodel=medany;-mabi=lp64f;-march=rv64imafc;-fno-common;-ffunction-sections;-fdata-sections;-fstrict-volatile-bitfields;-ffast-math;-fno-math-errno;-fsingle-precision-constant;-O2;-ggdb;-std=gnu++17;-Wall;-Werror=all;-Wno-error=unused-function;-Wno-error=unused-but-set-variable;-Wno-error=unused-variable;-Wno-error=deprecated-declarations;-Wno-error=maybe-uninitialized;-Wextra;-Werror=frame-larger-than=65536;-Wno-unused-parameter;-Wno-unused-function;-Wno-implicit-fallthrough;-Wno-sign-compare;-Wno-error=missing-braces
Id flags:  

The output was:
No such file or directory


Compiling the CXX compiler identification source file "CMakeCXXCompilerId.cpp" failed.
Compiler: /opt/kendryte-toolchain/riscv64-unknown-elf-g++ 
Build flags: ;-mcmodel=medany;-mabi=lp64f;-march=rv64imafc;-fno-common;-ffunction-sections;-fdata-sections;-fstrict-volatile-bitfields;-ffast-math;-fno-math-errno;-fsingle-precision-constant;-O2;-ggdb;-std=gnu++17;-Wall;-Werror=all;-Wno-error=unused-function;-Wno-error=unused-but-set-variable;-Wno-error=unused-variable;-Wno-error=deprecated-declarations;-Wno-error=maybe-uninitialized;-Wextra;-Werror=frame-larger-than=65536;-Wno-unused-parameter;-Wno-unused-function;-Wno-implicit-fallthrough;-Wno-sign-compare;-Wno-error=missing-braces
Id flags: -c 

The output was:
No such file or directory


Compiling the CXX compiler identification source file "CMakeCXXCompilerId.cpp" failed.
Compiler: /opt/kendryte-toolchain/riscv64-unknown-elf-g++ 
Build flags: ;-mcmodel=medany;-mabi=lp64f;-march=rv64imafc;-fno-common;-ffunction-sections;-fdata-sections;-fstrict-volatile-bitfields;-ffast-math;-fno-math-errno;-fsingle-precision-constant;-O2;-ggdb;-std=gnu++17;-Wall;-Werror=all;-Wno-error=unused-function;-Wno-error=unused-but-set-variable;-Wno-error=unused-variable;-Wno-error=deprecated-declarations;-Wno-error=maybe-uninitialized;-Wextra;-Werror=frame-larger-than=65536;-Wno-unused-parameter;-Wno-unused-function;-Wno-implicit-fallthrough;-Wno-sign-compare;-Wno-error=missing-braces
Id flags: --c++ 

The output was:
No such file or directory


Compiling the CXX compiler identification source file "CMakeCXXCompilerId.cpp" failed.
Compiler: /opt/kendryte-toolchain/riscv64-unknown-elf-g++ 
Build flags: ;-mcmodel=medany;-mabi=lp64f;-march=rv64imafc;-fno-common;-ffunction-sections;-fdata-sections;-fstrict-volatile-bitfields;-ffast-math;-fno-math-errno;-fsingle-precision-constant;-O2;-ggdb;-std=gnu++17;-Wall;-Werror=all;-Wno-error=unused-function;-Wno-error=unused-but-set-variable;-Wno-error=unused-variable;-Wno-error=deprecated-declarations;-Wno-error=maybe-uninitialized;-Wextra;-Werror=frame-larger-than=65536;-Wno-unused-parameter;-Wno-unused-function;-Wno-implicit-fallthrough;-Wno-sign-compare;-Wno-error=missing-braces
Id flags: --ec++ 

The output was:
No such file or directory


Compiling the CXX compiler identification source file "CMakeCXXCompilerId.cpp" failed.
Compiler: /opt/kendryte-toolchain/riscv64-unknown-elf-g++ 
Build flags: ;-mcmodel=medany;-mabi=lp64f;-march=rv64imafc;-fno-common;-ffunction-sections;-fdata-sections;-fstrict-volatile-bitfields;-ffast-math;-fno-math-errno;-fsingle-precision-constant;-O2;-ggdb;-std=gnu++17;-Wall;-Werror=all;-Wno-error=unused-function;-Wno-error=unused-but-set-variable;-Wno-error=unused-variable;-Wno-error=deprecated-declarations;-Wno-error=maybe-uninitialized;-Wextra;-Werror=frame-larger-than=65536;-Wno-unused-parameter;-Wno-unused-function;-Wno-implicit-fallthrough;-Wno-sign-compare;-Wno-error=missing-braces
Id flags: --target=arm-arm-none-eabi;-mcpu=cortex-m3 

The output was:
No such file or directory


Compiling the CXX compiler identification source file "CMakeCXXCompilerId.cpp" failed.
Compiler: /opt/kendryte-toolchain/riscv64-unknown-elf-g++ 
Build flags: 
Id flags:  

The output was:
No such file or directory


Compiling the CXX compiler identification source file "CMakeCXXCompilerId.cpp" failed.
Compiler: /opt/kendryte-toolchain/riscv64-unknown-elf-g++ 
Build flags: 
Id flags: -c 

The output was:
No such file or directory


Compiling the CXX compiler identification source file "CMakeCXXCompilerId.cpp" failed.
Compiler: /opt/kendryte-toolchain/riscv64-unknown-elf-g++ 
Build flags: 
Id flags: --c++ 

The output was:
No such file or directory


Compiling the CXX compiler identification source file "CMakeCXXCompilerId.cpp" failed.
Compiler: /opt/kendryte-toolchain/riscv64-unknown-elf-g++ 
Build flags: 
Id flags: --ec++ 

The output was:
No such file or directory


Compiling the CXX compiler identification source file "CMakeCXXCompilerId.cpp" failed.
Compiler: /opt/kendryte-toolchain/riscv64-unknown-elf-g++ 
Build flags: 
Id flags: --target=arm-arm-none-eabi;-mcpu=cortex-m3 

The output was:
No such file or directory


Checking whether the CXX compiler is IAR using "" did not match "IAR .+ Compiler":
Checking whether the CXX compiler is IAR using "" did not match "IAR .+ Compiler":
