The target system is: Generic -  - 
The host system is: Linux - 5.15.90.1-microsoft-standard-WSL2 - x86_64
Compiling the C compiler identification source file "CMakeCCompilerId.c" succeeded.
Compiler: /opt/kendryte-toolchain/bin/riscv64-unknown-elf-gcc 
Build flags: ;-mcmodel=medany;-mabi=lp64f;-march=rv64imafc;-fno-common;-ffunction-sections;-fdata-sections;-fstrict-volatile-bitfields;-ffast-math;-fno-math-errno;-fsingle-precision-constant;-O2;-ggdb;-std=gnu11;-Wall;-Werror=all;-Wno-error=unused-function;-Wno-error=unused-but-set-variable;-Wno-error=unused-variable;-Wno-error=deprecated-declarations;-Wno-error=maybe-uninitialized;-Wextra;-Werror=frame-larger-than=65536;-Wno-unused-parameter;-Wno-unused-function;-Wno-implicit-fallthrough;-Wno-sign-compare;-Wno-error=missing-braces;-Wno-old-style-declaration
Id flags:  

The output was:
0
/opt/kendryte-toolchain/lib/gcc/riscv64-unknown-elf/8.2.0/../../../../riscv64-unknown-elf/bin/ld: warning: cannot find entry symbol _start; defaulting to 00000000000100b0


Compilation of the C compiler identification source "CMakeCCompilerId.c" produced "a.out"

The C compiler identification is GNU, found in "/mnt/c/Users/yjy19/Desktop/K210/kendryte-freertos-sdk/CMakeFiles/3.16.3/CompilerIdC/a.out"

Compiling the CXX compiler identification source file "CMakeCXXCompilerId.cpp" succeeded.
Compiler: /opt/kendryte-toolchain/bin/riscv64-unknown-elf-g++ 
Build flags: ;-mcmodel=medany;-mabi=lp64f;-march=rv64imafc;-fno-common;-ffunction-sections;-fdata-sections;-fstrict-volatile-bitfields;-ffast-math;-fno-math-errno;-fsingle-precision-constant;-O2;-ggdb;-std=gnu++17;-Wall;-Werror=all;-Wno-error=unused-function;-Wno-error=unused-but-set-variable;-Wno-error=unused-variable;-Wno-error=deprecated-declarations;-Wno-error=maybe-uninitialized;-Wextra;-Werror=frame-larger-than=65536;-Wno-unused-parameter;-Wno-unused-function;-Wno-implicit-fallthrough;-Wno-sign-compare;-Wno-error=missing-braces
Id flags:  

The output was:
0
/opt/kendryte-toolchain/lib/gcc/riscv64-unknown-elf/8.2.0/../../../../riscv64-unknown-elf/bin/ld: warning: cannot find entry symbol _start; defaulting to 00000000000100b0


Compilation of the CXX compiler identification source "CMakeCXXCompilerId.cpp" produced "a.out"

The CXX compiler identification is GNU, found in "/mnt/c/Users/yjy19/Desktop/K210/kendryte-freertos-sdk/CMakeFiles/3.16.3/CompilerIdCXX/a.out"

Detecting C compiler ABI info compiled with the following output:
Change Dir: /mnt/c/Users/yjy19/Desktop/K210/kendryte-freertos-sdk/CMakeFiles/CMakeTmp

Run Build Command(s):/usr/bin/make cmTC_9611c/fast && /usr/bin/make -f CMakeFiles/cmTC_9611c.dir/build.make CMakeFiles/cmTC_9611c.dir/build
make[1]: Entering directory '/mnt/c/Users/yjy19/Desktop/K210/kendryte-freertos-sdk/CMakeFiles/CMakeTmp'
Building C object CMakeFiles/cmTC_9611c.dir/CMakeCCompilerABI.c.obj
/opt/kendryte-toolchain/bin/riscv64-unknown-elf-gcc   -mcmodel=medany -mabi=lp64f -march=rv64imafc -fno-common -ffunction-sections -fdata-sections -fstrict-volatile-bitfields -ffast-math -fno-math-errno -fsingle-precision-constant -O2 -ggdb -std=gnu11 -Wall -Werror=all -Wno-error=unused-function -Wno-error=unused-but-set-variable -Wno-error=unused-variable -Wno-error=deprecated-declarations -Wno-error=maybe-uninitialized -Wextra -Werror=frame-larger-than=65536 -Wno-unused-parameter -Wno-unused-function -Wno-implicit-fallthrough -Wno-sign-compare -Wno-error=missing-braces -Wno-old-style-declaration    -v -o CMakeFiles/cmTC_9611c.dir/CMakeCCompilerABI.c.obj   -c /usr/share/cmake-3.16/Modules/CMakeCCompilerABI.c
Using built-in specs.
COLLECT_GCC=/opt/kendryte-toolchain/bin/riscv64-unknown-elf-gcc
Target: riscv64-unknown-elf
Configured with: /home/kaliy/kendryte-gnu-toolchain/riscv-gcc/configure --target=riscv64-unknown-elf --prefix=/opt/kendryte-toolchain --disable-shared --enable-threads=posix --enable-languages=c,c++ --enable-libatomic --with-system-zlib --enable-tls --with-newlib --with-sysroot=/opt/kendryte-toolchain/riscv64-unknown-elf --with-native-system-header-dir=/include --disable-libmudflap --disable-libssp --disable-libquadmath --disable-libgomp --disable-nls --src=.././riscv-gcc --enable-checking=yes --disable-multilib --with-abi=lp64f --with-arch=rv64imafc 'CFLAGS_FOR_TARGET=-Os -ffunction-sections -fdata-sections  -mcmodel=medany' 'CXXFLAGS_FOR_TARGET=-Os -ffunction-sections -fdata-sections -mcmodel=medany'
Thread model: posix
gcc version 8.2.0 (GCC) 
COLLECT_GCC_OPTIONS='-mcmodel=medany' '-mabi=lp64f' '-march=rv64imafc' '-fno-common' '-ffunction-sections' '-fdata-sections' '-fstrict-volatile-bitfields' '-ffast-math' '-fno-math-errno' '-fsingle-precision-constant' '-O2' '-ggdb' '-std=gnu11' '-Wall' '-Werror=all' '-Wno-error=unused-function' '-Wno-error=unused-but-set-variable' '-Wno-error=unused-variable' '-Wno-error=deprecated-declarations' '-Wno-error=maybe-uninitialized' '-Wextra' '-Werror=frame-larger-than=65536' '-Wno-unused-parameter' '-Wno-unused-function' '-Wimplicit-fallthrough=0' '-Wno-sign-compare' '-Wno-error=missing-braces' '-Wno-old-style-declaration' '-v' '-o' 'CMakeFiles/cmTC_9611c.dir/CMakeCCompilerABI.c.obj' '-c'
 /opt/kendryte-toolchain/libexec/gcc/riscv64-unknown-elf/8.2.0/cc1 -quiet -v /usr/share/cmake-3.16/Modules/CMakeCCompilerABI.c -quiet -dumpbase CMakeCCompilerABI.c -mcmodel=medany -mabi=lp64f -march=rv64imafc -auxbase-strip CMakeFiles/cmTC_9611c.dir/CMakeCCompilerABI.c.obj -ggdb -O2 -Wall -Werror=all -Wno-error=unused-function -Wno-error=unused-but-set-variable -Wno-error=unused-variable -Wno-error=deprecated-declarations -Wno-error=maybe-uninitialized -Wextra -Werror=frame-larger-than=65536 -Wno-unused-parameter -Wno-unused-function -Wimplicit-fallthrough=0 -Wno-sign-compare -Wno-error=missing-braces -Wno-old-style-declaration -std=gnu11 -version -fno-common -ffunction-sections -fdata-sections -fstrict-volatile-bitfields -ffast-math -fno-math-errno -fsingle-precision-constant -o /tmp/ccqXgbwk.s
GNU C11 (GCC) version 8.2.0 (riscv64-unknown-elf)
	compiled by GNU C version 9.4.0, GMP version 6.2.0, MPFR version 4.0.2, MPC version 1.1.0, isl version none
GGC heuristics: --param ggc-min-expand=30 --param ggc-min-heapsize=4096
ignoring nonexistent directory "/opt/kendryte-toolchain/riscv64-unknown-elf/usr/local/include"
ignoring duplicate directory "/opt/kendryte-toolchain/riscv64-unknown-elf/include"
#include "..." search starts here:
#include <...> search starts here:
 /opt/kendryte-toolchain/lib/gcc/riscv64-unknown-elf/8.2.0/include
 /opt/kendryte-toolchain/lib/gcc/riscv64-unknown-elf/8.2.0/include-fixed
 /opt/kendryte-toolchain/lib/gcc/riscv64-unknown-elf/8.2.0/../../../../riscv64-unknown-elf/include
End of search list.
GNU C11 (GCC) version 8.2.0 (riscv64-unknown-elf)
	compiled by GNU C version 9.4.0, GMP version 6.2.0, MPFR version 4.0.2, MPC version 1.1.0, isl version none
GGC heuristics: --param ggc-min-expand=30 --param ggc-min-heapsize=4096
Compiler executable checksum: 798ccaf39ccb8d1f0362e60920d840a1
COLLECT_GCC_OPTIONS='-mcmodel=medany' '-mabi=lp64f' '-march=rv64imafc' '-fno-common' '-ffunction-sections' '-fdata-sections' '-fstrict-volatile-bitfields' '-ffast-math' '-fno-math-errno' '-fsingle-precision-constant' '-O2' '-ggdb' '-std=gnu11' '-Wall' '-Werror=all' '-Wno-error=unused-function' '-Wno-error=unused-but-set-variable' '-Wno-error=unused-variable' '-Wno-error=deprecated-declarations' '-Wno-error=maybe-uninitialized' '-Wextra' '-Werror=frame-larger-than=65536' '-Wno-unused-parameter' '-Wno-unused-function' '-Wimplicit-fallthrough=0' '-Wno-sign-compare' '-Wno-error=missing-braces' '-Wno-old-style-declaration' '-v' '-o' 'CMakeFiles/cmTC_9611c.dir/CMakeCCompilerABI.c.obj' '-c'
 /opt/kendryte-toolchain/lib/gcc/riscv64-unknown-elf/8.2.0/../../../../riscv64-unknown-elf/bin/as -v --traditional-format -march=rv64imafc -mabi=lp64f -o CMakeFiles/cmTC_9611c.dir/CMakeCCompilerABI.c.obj /tmp/ccqXgbwk.s
GNU assembler version 2.31.51 (riscv64-unknown-elf) using BFD version (GNU Binutils) 2.31.51
COMPILER_PATH=/opt/kendryte-toolchain/libexec/gcc/riscv64-unknown-elf/8.2.0/:/opt/kendryte-toolchain/libexec/gcc/riscv64-unknown-elf/8.2.0/:/opt/kendryte-toolchain/libexec/gcc/riscv64-unknown-elf/:/opt/kendryte-toolchain/lib/gcc/riscv64-unknown-elf/8.2.0/:/opt/kendryte-toolchain/lib/gcc/riscv64-unknown-elf/:/opt/kendryte-toolchain/lib/gcc/riscv64-unknown-elf/8.2.0/../../../../riscv64-unknown-elf/bin/
LIBRARY_PATH=/opt/kendryte-toolchain/lib/gcc/riscv64-unknown-elf/8.2.0/:/opt/kendryte-toolchain/lib/gcc/riscv64-unknown-elf/8.2.0/../../../../riscv64-unknown-elf/lib/:/opt/kendryte-toolchain/riscv64-unknown-elf/lib/
COLLECT_GCC_OPTIONS='-mcmodel=medany' '-mabi=lp64f' '-march=rv64imafc' '-fno-common' '-ffunction-sections' '-fdata-sections' '-fstrict-volatile-bitfields' '-ffast-math' '-fno-math-errno' '-fsingle-precision-constant' '-O2' '-ggdb' '-std=gnu11' '-Wall' '-Werror=all' '-Wno-error=unused-function' '-Wno-error=unused-but-set-variable' '-Wno-error=unused-variable' '-Wno-error=deprecated-declarations' '-Wno-error=maybe-uninitialized' '-Wextra' '-Werror=frame-larger-than=65536' '-Wno-unused-parameter' '-Wno-unused-function' '-Wimplicit-fallthrough=0' '-Wno-sign-compare' '-Wno-error=missing-braces' '-Wno-old-style-declaration' '-v' '-o' 'CMakeFiles/cmTC_9611c.dir/CMakeCCompilerABI.c.obj' '-c'
Linking C executable cmTC_9611c
/usr/bin/cmake -E cmake_link_script CMakeFiles/cmTC_9611c.dir/link.txt --verbose=1
/opt/kendryte-toolchain/bin/riscv64-unknown-elf-gcc  -mcmodel=medany -mabi=lp64f -march=rv64imafc -fno-common -ffunction-sections -fdata-sections -fstrict-volatile-bitfields -ffast-math -fno-math-errno -fsingle-precision-constant -O2 -ggdb -std=gnu11 -Wall -Werror=all -Wno-error=unused-function -Wno-error=unused-but-set-variable -Wno-error=unused-variable -Wno-error=deprecated-declarations -Wno-error=maybe-uninitialized -Wextra -Werror=frame-larger-than=65536 -Wno-unused-parameter -Wno-unused-function -Wno-implicit-fallthrough -Wno-sign-compare -Wno-error=missing-braces -Wno-old-style-declaration    -v CMakeFiles/cmTC_9611c.dir/CMakeCCompilerABI.c.obj  -o cmTC_9611c 
Using built-in specs.
COLLECT_GCC=/opt/kendryte-toolchain/bin/riscv64-unknown-elf-gcc
COLLECT_LTO_WRAPPER=/opt/kendryte-toolchain/libexec/gcc/riscv64-unknown-elf/8.2.0/lto-wrapper
Target: riscv64-unknown-elf
Configured with: /home/kaliy/kendryte-gnu-toolchain/riscv-gcc/configure --target=riscv64-unknown-elf --prefix=/opt/kendryte-toolchain --disable-shared --enable-threads=posix --enable-languages=c,c++ --enable-libatomic --with-system-zlib --enable-tls --with-newlib --with-sysroot=/opt/kendryte-toolchain/riscv64-unknown-elf --with-native-system-header-dir=/include --disable-libmudflap --disable-libssp --disable-libquadmath --disable-libgomp --disable-nls --src=.././riscv-gcc --enable-checking=yes --disable-multilib --with-abi=lp64f --with-arch=rv64imafc 'CFLAGS_FOR_TARGET=-Os -ffunction-sections -fdata-sections  -mcmodel=medany' 'CXXFLAGS_FOR_TARGET=-Os -ffunction-sections -fdata-sections -mcmodel=medany'
Thread model: posix
gcc version 8.2.0 (GCC) 
COMPILER_PATH=/opt/kendryte-toolchain/libexec/gcc/riscv64-unknown-elf/8.2.0/:/opt/kendryte-toolchain/libexec/gcc/riscv64-unknown-elf/8.2.0/:/opt/kendryte-toolchain/libexec/gcc/riscv64-unknown-elf/:/opt/kendryte-toolchain/lib/gcc/riscv64-unknown-elf/8.2.0/:/opt/kendryte-toolchain/lib/gcc/riscv64-unknown-elf/:/opt/kendryte-toolchain/lib/gcc/riscv64-unknown-elf/8.2.0/../../../../riscv64-unknown-elf/bin/
LIBRARY_PATH=/opt/kendryte-toolchain/lib/gcc/riscv64-unknown-elf/8.2.0/:/opt/kendryte-toolchain/lib/gcc/riscv64-unknown-elf/8.2.0/../../../../riscv64-unknown-elf/lib/:/opt/kendryte-toolchain/riscv64-unknown-elf/lib/
COLLECT_GCC_OPTIONS='-mcmodel=medany' '-mabi=lp64f' '-march=rv64imafc' '-fno-common' '-ffunction-sections' '-fdata-sections' '-fstrict-volatile-bitfields' '-ffast-math' '-fno-math-errno' '-fsingle-precision-constant' '-O2' '-ggdb' '-std=gnu11' '-Wall' '-Werror=all' '-Wno-error=unused-function' '-Wno-error=unused-but-set-variable' '-Wno-error=unused-variable' '-Wno-error=deprecated-declarations' '-Wno-error=maybe-uninitialized' '-Wextra' '-Werror=frame-larger-than=65536' '-Wno-unused-parameter' '-Wno-unused-function' '-Wimplicit-fallthrough=0' '-Wno-sign-compare' '-Wno-error=missing-braces' '-Wno-old-style-declaration' '-v' '-o' 'cmTC_9611c'
 /opt/kendryte-toolchain/libexec/gcc/riscv64-unknown-elf/8.2.0/collect2 -plugin /opt/kendryte-toolchain/libexec/gcc/riscv64-unknown-elf/8.2.0/liblto_plugin.so -plugin-opt=/opt/kendryte-toolchain/libexec/gcc/riscv64-unknown-elf/8.2.0/lto-wrapper -plugin-opt=-fresolution=/tmp/ccZoeUrN.res -plugin-opt=-pass-through=-lgcc -plugin-opt=-pass-through=-lc -plugin-opt=-pass-through=-lgloss -plugin-opt=-pass-through=-lgcc --sysroot=/opt/kendryte-toolchain/riscv64-unknown-elf -melf64lriscv -o cmTC_9611c /opt/kendryte-toolchain/lib/gcc/riscv64-unknown-elf/8.2.0/../../../../riscv64-unknown-elf/lib/crt0.o /opt/kendryte-toolchain/lib/gcc/riscv64-unknown-elf/8.2.0/crtbegin.o -L/opt/kendryte-toolchain/lib/gcc/riscv64-unknown-elf/8.2.0 -L/opt/kendryte-toolchain/lib/gcc/riscv64-unknown-elf/8.2.0/../../../../riscv64-unknown-elf/lib -L/opt/kendryte-toolchain/riscv64-unknown-elf/lib CMakeFiles/cmTC_9611c.dir/CMakeCCompilerABI.c.obj -lgcc --start-group -lc -lgloss --end-group -lgcc /opt/kendryte-toolchain/lib/gcc/riscv64-unknown-elf/8.2.0/crtend.o
/opt/kendryte-toolchain/lib/gcc/riscv64-unknown-elf/8.2.0/../../../../riscv64-unknown-elf/bin/ld: warning: cannot find entry symbol _start; defaulting to 00000000000100b0
COLLECT_GCC_OPTIONS='-mcmodel=medany' '-mabi=lp64f' '-march=rv64imafc' '-fno-common' '-ffunction-sections' '-fdata-sections' '-fstrict-volatile-bitfields' '-ffast-math' '-fno-math-errno' '-fsingle-precision-constant' '-O2' '-ggdb' '-std=gnu11' '-Wall' '-Werror=all' '-Wno-error=unused-function' '-Wno-error=unused-but-set-variable' '-Wno-error=unused-variable' '-Wno-error=deprecated-declarations' '-Wno-error=maybe-uninitialized' '-Wextra' '-Werror=frame-larger-than=65536' '-Wno-unused-parameter' '-Wno-unused-function' '-Wimplicit-fallthrough=0' '-Wno-sign-compare' '-Wno-error=missing-braces' '-Wno-old-style-declaration' '-v' '-o' 'cmTC_9611c'
make[1]: Leaving directory '/mnt/c/Users/yjy19/Desktop/K210/kendryte-freertos-sdk/CMakeFiles/CMakeTmp'



Parsed C implicit include dir info from above output: rv=done
  found start of include info
  found start of implicit include info
    add: [/opt/kendryte-toolchain/lib/gcc/riscv64-unknown-elf/8.2.0/include]
    add: [/opt/kendryte-toolchain/lib/gcc/riscv64-unknown-elf/8.2.0/include-fixed]
    add: [/opt/kendryte-toolchain/lib/gcc/riscv64-unknown-elf/8.2.0/../../../../riscv64-unknown-elf/include]
  end of search list found
  collapse include dir [/opt/kendryte-toolchain/lib/gcc/riscv64-unknown-elf/8.2.0/include] ==> [/opt/kendryte-toolchain/lib/gcc/riscv64-unknown-elf/8.2.0/include]
  collapse include dir [/opt/kendryte-toolchain/lib/gcc/riscv64-unknown-elf/8.2.0/include-fixed] ==> [/opt/kendryte-toolchain/lib/gcc/riscv64-unknown-elf/8.2.0/include-fixed]
  collapse include dir [/opt/kendryte-toolchain/lib/gcc/riscv64-unknown-elf/8.2.0/../../../../riscv64-unknown-elf/include] ==> [/opt/kendryte-toolchain/riscv64-unknown-elf/include]
  implicit include dirs: [/opt/kendryte-toolchain/lib/gcc/riscv64-unknown-elf/8.2.0/include;/opt/kendryte-toolchain/lib/gcc/riscv64-unknown-elf/8.2.0/include-fixed;/opt/kendryte-toolchain/riscv64-unknown-elf/include]


Parsed C implicit link information from above output:
  link line regex: [^( *|.*[/\])(riscv64-unknown-elf-ld|CMAKE_LINK_STARTFILE-NOTFOUND|([^/\]+-)?ld|collect2)[^/\]*( |$)]
  ignore line: [Change Dir: /mnt/c/Users/yjy19/Desktop/K210/kendryte-freertos-sdk/CMakeFiles/CMakeTmp]
  ignore line: []
  ignore line: [Run Build Command(s):/usr/bin/make cmTC_9611c/fast && /usr/bin/make -f CMakeFiles/cmTC_9611c.dir/build.make CMakeFiles/cmTC_9611c.dir/build]
  ignore line: [make[1]: Entering directory '/mnt/c/Users/yjy19/Desktop/K210/kendryte-freertos-sdk/CMakeFiles/CMakeTmp']
  ignore line: [Building C object CMakeFiles/cmTC_9611c.dir/CMakeCCompilerABI.c.obj]
  ignore line: [/opt/kendryte-toolchain/bin/riscv64-unknown-elf-gcc   -mcmodel=medany -mabi=lp64f -march=rv64imafc -fno-common -ffunction-sections -fdata-sections -fstrict-volatile-bitfields -ffast-math -fno-math-errno -fsingle-precision-constant -O2 -ggdb -std=gnu11 -Wall -Werror=all -Wno-error=unused-function -Wno-error=unused-but-set-variable -Wno-error=unused-variable -Wno-error=deprecated-declarations -Wno-error=maybe-uninitialized -Wextra -Werror=frame-larger-than=65536 -Wno-unused-parameter -Wno-unused-function -Wno-implicit-fallthrough -Wno-sign-compare -Wno-error=missing-braces -Wno-old-style-declaration    -v -o CMakeFiles/cmTC_9611c.dir/CMakeCCompilerABI.c.obj   -c /usr/share/cmake-3.16/Modules/CMakeCCompilerABI.c]
  ignore line: [Using built-in specs.]
  ignore line: [COLLECT_GCC=/opt/kendryte-toolchain/bin/riscv64-unknown-elf-gcc]
  ignore line: [Target: riscv64-unknown-elf]
  ignore line: [Configured with: /home/kaliy/kendryte-gnu-toolchain/riscv-gcc/configure --target=riscv64-unknown-elf --prefix=/opt/kendryte-toolchain --disable-shared --enable-threads=posix --enable-languages=c c++ --enable-libatomic --with-system-zlib --enable-tls --with-newlib --with-sysroot=/opt/kendryte-toolchain/riscv64-unknown-elf --with-native-system-header-dir=/include --disable-libmudflap --disable-libssp --disable-libquadmath --disable-libgomp --disable-nls --src=.././riscv-gcc --enable-checking=yes --disable-multilib --with-abi=lp64f --with-arch=rv64imafc 'CFLAGS_FOR_TARGET=-Os -ffunction-sections -fdata-sections  -mcmodel=medany' 'CXXFLAGS_FOR_TARGET=-Os -ffunction-sections -fdata-sections -mcmodel=medany']
  ignore line: [Thread model: posix]
  ignore line: [gcc version 8.2.0 (GCC) ]
  ignore line: [COLLECT_GCC_OPTIONS='-mcmodel=medany' '-mabi=lp64f' '-march=rv64imafc' '-fno-common' '-ffunction-sections' '-fdata-sections' '-fstrict-volatile-bitfields' '-ffast-math' '-fno-math-errno' '-fsingle-precision-constant' '-O2' '-ggdb' '-std=gnu11' '-Wall' '-Werror=all' '-Wno-error=unused-function' '-Wno-error=unused-but-set-variable' '-Wno-error=unused-variable' '-Wno-error=deprecated-declarations' '-Wno-error=maybe-uninitialized' '-Wextra' '-Werror=frame-larger-than=65536' '-Wno-unused-parameter' '-Wno-unused-function' '-Wimplicit-fallthrough=0' '-Wno-sign-compare' '-Wno-error=missing-braces' '-Wno-old-style-declaration' '-v' '-o' 'CMakeFiles/cmTC_9611c.dir/CMakeCCompilerABI.c.obj' '-c']
  ignore line: [ /opt/kendryte-toolchain/libexec/gcc/riscv64-unknown-elf/8.2.0/cc1 -quiet -v /usr/share/cmake-3.16/Modules/CMakeCCompilerABI.c -quiet -dumpbase CMakeCCompilerABI.c -mcmodel=medany -mabi=lp64f -march=rv64imafc -auxbase-strip CMakeFiles/cmTC_9611c.dir/CMakeCCompilerABI.c.obj -ggdb -O2 -Wall -Werror=all -Wno-error=unused-function -Wno-error=unused-but-set-variable -Wno-error=unused-variable -Wno-error=deprecated-declarations -Wno-error=maybe-uninitialized -Wextra -Werror=frame-larger-than=65536 -Wno-unused-parameter -Wno-unused-function -Wimplicit-fallthrough=0 -Wno-sign-compare -Wno-error=missing-braces -Wno-old-style-declaration -std=gnu11 -version -fno-common -ffunction-sections -fdata-sections -fstrict-volatile-bitfields -ffast-math -fno-math-errno -fsingle-precision-constant -o /tmp/ccqXgbwk.s]
  ignore line: [GNU C11 (GCC) version 8.2.0 (riscv64-unknown-elf)]
  ignore line: [	compiled by GNU C version 9.4.0  GMP version 6.2.0  MPFR version 4.0.2  MPC version 1.1.0  isl version none]
  ignore line: [GGC heuristics: --param ggc-min-expand=30 --param ggc-min-heapsize=4096]
  ignore line: [ignoring nonexistent directory "/opt/kendryte-toolchain/riscv64-unknown-elf/usr/local/include"]
  ignore line: [ignoring duplicate directory "/opt/kendryte-toolchain/riscv64-unknown-elf/include"]
  ignore line: [#include "..." search starts here:]
  ignore line: [#include <...> search starts here:]
  ignore line: [ /opt/kendryte-toolchain/lib/gcc/riscv64-unknown-elf/8.2.0/include]
  ignore line: [ /opt/kendryte-toolchain/lib/gcc/riscv64-unknown-elf/8.2.0/include-fixed]
  ignore line: [ /opt/kendryte-toolchain/lib/gcc/riscv64-unknown-elf/8.2.0/../../../../riscv64-unknown-elf/include]
  ignore line: [End of search list.]
  ignore line: [GNU C11 (GCC) version 8.2.0 (riscv64-unknown-elf)]
  ignore line: [	compiled by GNU C version 9.4.0  GMP version 6.2.0  MPFR version 4.0.2  MPC version 1.1.0  isl version none]
  ignore line: [GGC heuristics: --param ggc-min-expand=30 --param ggc-min-heapsize=4096]
  ignore line: [Compiler executable checksum: 798ccaf39ccb8d1f0362e60920d840a1]
  ignore line: [COLLECT_GCC_OPTIONS='-mcmodel=medany' '-mabi=lp64f' '-march=rv64imafc' '-fno-common' '-ffunction-sections' '-fdata-sections' '-fstrict-volatile-bitfields' '-ffast-math' '-fno-math-errno' '-fsingle-precision-constant' '-O2' '-ggdb' '-std=gnu11' '-Wall' '-Werror=all' '-Wno-error=unused-function' '-Wno-error=unused-but-set-variable' '-Wno-error=unused-variable' '-Wno-error=deprecated-declarations' '-Wno-error=maybe-uninitialized' '-Wextra' '-Werror=frame-larger-than=65536' '-Wno-unused-parameter' '-Wno-unused-function' '-Wimplicit-fallthrough=0' '-Wno-sign-compare' '-Wno-error=missing-braces' '-Wno-old-style-declaration' '-v' '-o' 'CMakeFiles/cmTC_9611c.dir/CMakeCCompilerABI.c.obj' '-c']
  ignore line: [ /opt/kendryte-toolchain/lib/gcc/riscv64-unknown-elf/8.2.0/../../../../riscv64-unknown-elf/bin/as -v --traditional-format -march=rv64imafc -mabi=lp64f -o CMakeFiles/cmTC_9611c.dir/CMakeCCompilerABI.c.obj /tmp/ccqXgbwk.s]
  ignore line: [GNU assembler version 2.31.51 (riscv64-unknown-elf) using BFD version (GNU Binutils) 2.31.51]
  ignore line: [COMPILER_PATH=/opt/kendryte-toolchain/libexec/gcc/riscv64-unknown-elf/8.2.0/:/opt/kendryte-toolchain/libexec/gcc/riscv64-unknown-elf/8.2.0/:/opt/kendryte-toolchain/libexec/gcc/riscv64-unknown-elf/:/opt/kendryte-toolchain/lib/gcc/riscv64-unknown-elf/8.2.0/:/opt/kendryte-toolchain/lib/gcc/riscv64-unknown-elf/:/opt/kendryte-toolchain/lib/gcc/riscv64-unknown-elf/8.2.0/../../../../riscv64-unknown-elf/bin/]
  ignore line: [LIBRARY_PATH=/opt/kendryte-toolchain/lib/gcc/riscv64-unknown-elf/8.2.0/:/opt/kendryte-toolchain/lib/gcc/riscv64-unknown-elf/8.2.0/../../../../riscv64-unknown-elf/lib/:/opt/kendryte-toolchain/riscv64-unknown-elf/lib/]
  ignore line: [COLLECT_GCC_OPTIONS='-mcmodel=medany' '-mabi=lp64f' '-march=rv64imafc' '-fno-common' '-ffunction-sections' '-fdata-sections' '-fstrict-volatile-bitfields' '-ffast-math' '-fno-math-errno' '-fsingle-precision-constant' '-O2' '-ggdb' '-std=gnu11' '-Wall' '-Werror=all' '-Wno-error=unused-function' '-Wno-error=unused-but-set-variable' '-Wno-error=unused-variable' '-Wno-error=deprecated-declarations' '-Wno-error=maybe-uninitialized' '-Wextra' '-Werror=frame-larger-than=65536' '-Wno-unused-parameter' '-Wno-unused-function' '-Wimplicit-fallthrough=0' '-Wno-sign-compare' '-Wno-error=missing-braces' '-Wno-old-style-declaration' '-v' '-o' 'CMakeFiles/cmTC_9611c.dir/CMakeCCompilerABI.c.obj' '-c']
  ignore line: [Linking C executable cmTC_9611c]
  ignore line: [/usr/bin/cmake -E cmake_link_script CMakeFiles/cmTC_9611c.dir/link.txt --verbose=1]
  ignore line: [/opt/kendryte-toolchain/bin/riscv64-unknown-elf-gcc  -mcmodel=medany -mabi=lp64f -march=rv64imafc -fno-common -ffunction-sections -fdata-sections -fstrict-volatile-bitfields -ffast-math -fno-math-errno -fsingle-precision-constant -O2 -ggdb -std=gnu11 -Wall -Werror=all -Wno-error=unused-function -Wno-error=unused-but-set-variable -Wno-error=unused-variable -Wno-error=deprecated-declarations -Wno-error=maybe-uninitialized -Wextra -Werror=frame-larger-than=65536 -Wno-unused-parameter -Wno-unused-function -Wno-implicit-fallthrough -Wno-sign-compare -Wno-error=missing-braces -Wno-old-style-declaration    -v CMakeFiles/cmTC_9611c.dir/CMakeCCompilerABI.c.obj  -o cmTC_9611c ]
  ignore line: [Using built-in specs.]
  ignore line: [COLLECT_GCC=/opt/kendryte-toolchain/bin/riscv64-unknown-elf-gcc]
  ignore line: [COLLECT_LTO_WRAPPER=/opt/kendryte-toolchain/libexec/gcc/riscv64-unknown-elf/8.2.0/lto-wrapper]
  ignore line: [Target: riscv64-unknown-elf]
  ignore line: [Configured with: /home/kaliy/kendryte-gnu-toolchain/riscv-gcc/configure --target=riscv64-unknown-elf --prefix=/opt/kendryte-toolchain --disable-shared --enable-threads=posix --enable-languages=c c++ --enable-libatomic --with-system-zlib --enable-tls --with-newlib --with-sysroot=/opt/kendryte-toolchain/riscv64-unknown-elf --with-native-system-header-dir=/include --disable-libmudflap --disable-libssp --disable-libquadmath --disable-libgomp --disable-nls --src=.././riscv-gcc --enable-checking=yes --disable-multilib --with-abi=lp64f --with-arch=rv64imafc 'CFLAGS_FOR_TARGET=-Os -ffunction-sections -fdata-sections  -mcmodel=medany' 'CXXFLAGS_FOR_TARGET=-Os -ffunction-sections -fdata-sections -mcmodel=medany']
  ignore line: [Thread model: posix]
  ignore line: [gcc version 8.2.0 (GCC) ]
  ignore line: [COMPILER_PATH=/opt/kendryte-toolchain/libexec/gcc/riscv64-unknown-elf/8.2.0/:/opt/kendryte-toolchain/libexec/gcc/riscv64-unknown-elf/8.2.0/:/opt/kendryte-toolchain/libexec/gcc/riscv64-unknown-elf/:/opt/kendryte-toolchain/lib/gcc/riscv64-unknown-elf/8.2.0/:/opt/kendryte-toolchain/lib/gcc/riscv64-unknown-elf/:/opt/kendryte-toolchain/lib/gcc/riscv64-unknown-elf/8.2.0/../../../../riscv64-unknown-elf/bin/]
  ignore line: [LIBRARY_PATH=/opt/kendryte-toolchain/lib/gcc/riscv64-unknown-elf/8.2.0/:/opt/kendryte-toolchain/lib/gcc/riscv64-unknown-elf/8.2.0/../../../../riscv64-unknown-elf/lib/:/opt/kendryte-toolchain/riscv64-unknown-elf/lib/]
  ignore line: [COLLECT_GCC_OPTIONS='-mcmodel=medany' '-mabi=lp64f' '-march=rv64imafc' '-fno-common' '-ffunction-sections' '-fdata-sections' '-fstrict-volatile-bitfields' '-ffast-math' '-fno-math-errno' '-fsingle-precision-constant' '-O2' '-ggdb' '-std=gnu11' '-Wall' '-Werror=all' '-Wno-error=unused-function' '-Wno-error=unused-but-set-variable' '-Wno-error=unused-variable' '-Wno-error=deprecated-declarations' '-Wno-error=maybe-uninitialized' '-Wextra' '-Werror=frame-larger-than=65536' '-Wno-unused-parameter' '-Wno-unused-function' '-Wimplicit-fallthrough=0' '-Wno-sign-compare' '-Wno-error=missing-braces' '-Wno-old-style-declaration' '-v' '-o' 'cmTC_9611c']
  link line: [ /opt/kendryte-toolchain/libexec/gcc/riscv64-unknown-elf/8.2.0/collect2 -plugin /opt/kendryte-toolchain/libexec/gcc/riscv64-unknown-elf/8.2.0/liblto_plugin.so -plugin-opt=/opt/kendryte-toolchain/libexec/gcc/riscv64-unknown-elf/8.2.0/lto-wrapper -plugin-opt=-fresolution=/tmp/ccZoeUrN.res -plugin-opt=-pass-through=-lgcc -plugin-opt=-pass-through=-lc -plugin-opt=-pass-through=-lgloss -plugin-opt=-pass-through=-lgcc --sysroot=/opt/kendryte-toolchain/riscv64-unknown-elf -melf64lriscv -o cmTC_9611c /opt/kendryte-toolchain/lib/gcc/riscv64-unknown-elf/8.2.0/../../../../riscv64-unknown-elf/lib/crt0.o /opt/kendryte-toolchain/lib/gcc/riscv64-unknown-elf/8.2.0/crtbegin.o -L/opt/kendryte-toolchain/lib/gcc/riscv64-unknown-elf/8.2.0 -L/opt/kendryte-toolchain/lib/gcc/riscv64-unknown-elf/8.2.0/../../../../riscv64-unknown-elf/lib -L/opt/kendryte-toolchain/riscv64-unknown-elf/lib CMakeFiles/cmTC_9611c.dir/CMakeCCompilerABI.c.obj -lgcc --start-group -lc -lgloss --end-group -lgcc /opt/kendryte-toolchain/lib/gcc/riscv64-unknown-elf/8.2.0/crtend.o]
    arg [/opt/kendryte-toolchain/libexec/gcc/riscv64-unknown-elf/8.2.0/collect2] ==> ignore
    arg [-plugin] ==> ignore
    arg [/opt/kendryte-toolchain/libexec/gcc/riscv64-unknown-elf/8.2.0/liblto_plugin.so] ==> ignore
    arg [-plugin-opt=/opt/kendryte-toolchain/libexec/gcc/riscv64-unknown-elf/8.2.0/lto-wrapper] ==> ignore
    arg [-plugin-opt=-fresolution=/tmp/ccZoeUrN.res] ==> ignore
    arg [-plugin-opt=-pass-through=-lgcc] ==> ignore
    arg [-plugin-opt=-pass-through=-lc] ==> ignore
    arg [-plugin-opt=-pass-through=-lgloss] ==> ignore
    arg [-plugin-opt=-pass-through=-lgcc] ==> ignore
    arg [--sysroot=/opt/kendryte-toolchain/riscv64-unknown-elf] ==> ignore
    arg [-melf64lriscv] ==> ignore
    arg [-o] ==> ignore
    arg [cmTC_9611c] ==> ignore
    arg [/opt/kendryte-toolchain/lib/gcc/riscv64-unknown-elf/8.2.0/../../../../riscv64-unknown-elf/lib/crt0.o] ==> ignore
    arg [/opt/kendryte-toolchain/lib/gcc/riscv64-unknown-elf/8.2.0/crtbegin.o] ==> ignore
    arg [-L/opt/kendryte-toolchain/lib/gcc/riscv64-unknown-elf/8.2.0] ==> dir [/opt/kendryte-toolchain/lib/gcc/riscv64-unknown-elf/8.2.0]
    arg [-L/opt/kendryte-toolchain/lib/gcc/riscv64-unknown-elf/8.2.0/../../../../riscv64-unknown-elf/lib] ==> dir [/opt/kendryte-toolchain/lib/gcc/riscv64-unknown-elf/8.2.0/../../../../riscv64-unknown-elf/lib]
    arg [-L/opt/kendryte-toolchain/riscv64-unknown-elf/lib] ==> dir [/opt/kendryte-toolchain/riscv64-unknown-elf/lib]
    arg [CMakeFiles/cmTC_9611c.dir/CMakeCCompilerABI.c.obj] ==> ignore
    arg [-lgcc] ==> lib [gcc]
    arg [--start-group] ==> ignore
    arg [-lc] ==> lib [c]
    arg [-lgloss] ==> lib [gloss]
    arg [--end-group] ==> ignore
    arg [-lgcc] ==> lib [gcc]
    arg [/opt/kendryte-toolchain/lib/gcc/riscv64-unknown-elf/8.2.0/crtend.o] ==> ignore
  collapse library dir [/opt/kendryte-toolchain/lib/gcc/riscv64-unknown-elf/8.2.0] ==> [/opt/kendryte-toolchain/lib/gcc/riscv64-unknown-elf/8.2.0]
  collapse library dir [/opt/kendryte-toolchain/lib/gcc/riscv64-unknown-elf/8.2.0/../../../../riscv64-unknown-elf/lib] ==> [/opt/kendryte-toolchain/riscv64-unknown-elf/lib]
  collapse library dir [/opt/kendryte-toolchain/riscv64-unknown-elf/lib] ==> [/opt/kendryte-toolchain/riscv64-unknown-elf/lib]
  implicit libs: [gcc;c;gloss;gcc]
  implicit dirs: [/opt/kendryte-toolchain/lib/gcc/riscv64-unknown-elf/8.2.0;/opt/kendryte-toolchain/riscv64-unknown-elf/lib]
  implicit fwks: []


Detecting CXX compiler ABI info compiled with the following output:
Change Dir: /mnt/c/Users/yjy19/Desktop/K210/kendryte-freertos-sdk/CMakeFiles/CMakeTmp

Run Build Command(s):/usr/bin/make cmTC_f3e62/fast && /usr/bin/make -f CMakeFiles/cmTC_f3e62.dir/build.make CMakeFiles/cmTC_f3e62.dir/build
make[1]: Entering directory '/mnt/c/Users/yjy19/Desktop/K210/kendryte-freertos-sdk/CMakeFiles/CMakeTmp'
Building CXX object CMakeFiles/cmTC_f3e62.dir/CMakeCXXCompilerABI.cpp.obj
/opt/kendryte-toolchain/bin/riscv64-unknown-elf-g++    -mcmodel=medany -mabi=lp64f -march=rv64imafc -fno-common -ffunction-sections -fdata-sections -fstrict-volatile-bitfields -ffast-math -fno-math-errno -fsingle-precision-constant -O2 -ggdb -std=gnu++17 -Wall -Werror=all -Wno-error=unused-function -Wno-error=unused-but-set-variable -Wno-error=unused-variable -Wno-error=deprecated-declarations -Wno-error=maybe-uninitialized -Wextra -Werror=frame-larger-than=65536 -Wno-unused-parameter -Wno-unused-function -Wno-implicit-fallthrough -Wno-sign-compare -Wno-error=missing-braces    -v -o CMakeFiles/cmTC_f3e62.dir/CMakeCXXCompilerABI.cpp.obj -c /usr/share/cmake-3.16/Modules/CMakeCXXCompilerABI.cpp
Using built-in specs.
COLLECT_GCC=/opt/kendryte-toolchain/bin/riscv64-unknown-elf-g++
Target: riscv64-unknown-elf
Configured with: /home/kaliy/kendryte-gnu-toolchain/riscv-gcc/configure --target=riscv64-unknown-elf --prefix=/opt/kendryte-toolchain --disable-shared --enable-threads=posix --enable-languages=c,c++ --enable-libatomic --with-system-zlib --enable-tls --with-newlib --with-sysroot=/opt/kendryte-toolchain/riscv64-unknown-elf --with-native-system-header-dir=/include --disable-libmudflap --disable-libssp --disable-libquadmath --disable-libgomp --disable-nls --src=.././riscv-gcc --enable-checking=yes --disable-multilib --with-abi=lp64f --with-arch=rv64imafc 'CFLAGS_FOR_TARGET=-Os -ffunction-sections -fdata-sections  -mcmodel=medany' 'CXXFLAGS_FOR_TARGET=-Os -ffunction-sections -fdata-sections -mcmodel=medany'
Thread model: posix
gcc version 8.2.0 (GCC) 
COLLECT_GCC_OPTIONS='-mcmodel=medany' '-mabi=lp64f' '-march=rv64imafc' '-fno-common' '-ffunction-sections' '-fdata-sections' '-fstrict-volatile-bitfields' '-ffast-math' '-fno-math-errno' '-fsingle-precision-constant' '-O2' '-ggdb' '-std=gnu++17' '-Wall' '-Werror=all' '-Wno-error=unused-function' '-Wno-error=unused-but-set-variable' '-Wno-error=unused-variable' '-Wno-error=deprecated-declarations' '-Wno-error=maybe-uninitialized' '-Wextra' '-Werror=frame-larger-than=65536' '-Wno-unused-parameter' '-Wno-unused-function' '-Wimplicit-fallthrough=0' '-Wno-sign-compare' '-Wno-error=missing-braces' '-v' '-o' 'CMakeFiles/cmTC_f3e62.dir/CMakeCXXCompilerABI.cpp.obj' '-c'
 /opt/kendryte-toolchain/libexec/gcc/riscv64-unknown-elf/8.2.0/cc1plus -quiet -v /usr/share/cmake-3.16/Modules/CMakeCXXCompilerABI.cpp -quiet -dumpbase CMakeCXXCompilerABI.cpp -mcmodel=medany -mabi=lp64f -march=rv64imafc -auxbase-strip CMakeFiles/cmTC_f3e62.dir/CMakeCXXCompilerABI.cpp.obj -ggdb -O2 -Wall -Werror=all -Wno-error=unused-function -Wno-error=unused-but-set-variable -Wno-error=unused-variable -Wno-error=deprecated-declarations -Wno-error=maybe-uninitialized -Wextra -Werror=frame-larger-than=65536 -Wno-unused-parameter -Wno-unused-function -Wimplicit-fallthrough=0 -Wno-sign-compare -Wno-error=missing-braces -std=gnu++17 -version -fno-common -ffunction-sections -fdata-sections -fstrict-volatile-bitfields -ffast-math -fno-math-errno -fsingle-precision-constant -o /tmp/cc3T2euk.s
GNU C++17 (GCC) version 8.2.0 (riscv64-unknown-elf)
	compiled by GNU C version 9.4.0, GMP version 6.2.0, MPFR version 4.0.2, MPC version 1.1.0, isl version none
GGC heuristics: --param ggc-min-expand=30 --param ggc-min-heapsize=4096
ignoring nonexistent directory "/opt/kendryte-toolchain/riscv64-unknown-elf/usr/local/include"
ignoring duplicate directory "/opt/kendryte-toolchain/riscv64-unknown-elf/include"
#include "..." search starts here:
#include <...> search starts here:
 /opt/kendryte-toolchain/lib/gcc/riscv64-unknown-elf/8.2.0/../../../../riscv64-unknown-elf/include/c++/8.2.0
 /opt/kendryte-toolchain/lib/gcc/riscv64-unknown-elf/8.2.0/../../../../riscv64-unknown-elf/include/c++/8.2.0/riscv64-unknown-elf
 /opt/kendryte-toolchain/lib/gcc/riscv64-unknown-elf/8.2.0/../../../../riscv64-unknown-elf/include/c++/8.2.0/backward
 /opt/kendryte-toolchain/lib/gcc/riscv64-unknown-elf/8.2.0/include
 /opt/kendryte-toolchain/lib/gcc/riscv64-unknown-elf/8.2.0/include-fixed
 /opt/kendryte-toolchain/lib/gcc/riscv64-unknown-elf/8.2.0/../../../../riscv64-unknown-elf/include
End of search list.
GNU C++17 (GCC) version 8.2.0 (riscv64-unknown-elf)
	compiled by GNU C version 9.4.0, GMP version 6.2.0, MPFR version 4.0.2, MPC version 1.1.0, isl version none
GGC heuristics: --param ggc-min-expand=30 --param ggc-min-heapsize=4096
Compiler executable checksum: c0610ddd99ef4e2df0467d3e70730ede
COLLECT_GCC_OPTIONS='-mcmodel=medany' '-mabi=lp64f' '-march=rv64imafc' '-fno-common' '-ffunction-sections' '-fdata-sections' '-fstrict-volatile-bitfields' '-ffast-math' '-fno-math-errno' '-fsingle-precision-constant' '-O2' '-ggdb' '-std=gnu++17' '-Wall' '-Werror=all' '-Wno-error=unused-function' '-Wno-error=unused-but-set-variable' '-Wno-error=unused-variable' '-Wno-error=deprecated-declarations' '-Wno-error=maybe-uninitialized' '-Wextra' '-Werror=frame-larger-than=65536' '-Wno-unused-parameter' '-Wno-unused-function' '-Wimplicit-fallthrough=0' '-Wno-sign-compare' '-Wno-error=missing-braces' '-v' '-o' 'CMakeFiles/cmTC_f3e62.dir/CMakeCXXCompilerABI.cpp.obj' '-c'
 /opt/kendryte-toolchain/lib/gcc/riscv64-unknown-elf/8.2.0/../../../../riscv64-unknown-elf/bin/as -v --traditional-format -march=rv64imafc -mabi=lp64f -o CMakeFiles/cmTC_f3e62.dir/CMakeCXXCompilerABI.cpp.obj /tmp/cc3T2euk.s
GNU assembler version 2.31.51 (riscv64-unknown-elf) using BFD version (GNU Binutils) 2.31.51
COMPILER_PATH=/opt/kendryte-toolchain/libexec/gcc/riscv64-unknown-elf/8.2.0/:/opt/kendryte-toolchain/libexec/gcc/riscv64-unknown-elf/8.2.0/:/opt/kendryte-toolchain/libexec/gcc/riscv64-unknown-elf/:/opt/kendryte-toolchain/lib/gcc/riscv64-unknown-elf/8.2.0/:/opt/kendryte-toolchain/lib/gcc/riscv64-unknown-elf/:/opt/kendryte-toolchain/lib/gcc/riscv64-unknown-elf/8.2.0/../../../../riscv64-unknown-elf/bin/
LIBRARY_PATH=/opt/kendryte-toolchain/lib/gcc/riscv64-unknown-elf/8.2.0/:/opt/kendryte-toolchain/lib/gcc/riscv64-unknown-elf/8.2.0/../../../../riscv64-unknown-elf/lib/:/opt/kendryte-toolchain/riscv64-unknown-elf/lib/
COLLECT_GCC_OPTIONS='-mcmodel=medany' '-mabi=lp64f' '-march=rv64imafc' '-fno-common' '-ffunction-sections' '-fdata-sections' '-fstrict-volatile-bitfields' '-ffast-math' '-fno-math-errno' '-fsingle-precision-constant' '-O2' '-ggdb' '-std=gnu++17' '-Wall' '-Werror=all' '-Wno-error=unused-function' '-Wno-error=unused-but-set-variable' '-Wno-error=unused-variable' '-Wno-error=deprecated-declarations' '-Wno-error=maybe-uninitialized' '-Wextra' '-Werror=frame-larger-than=65536' '-Wno-unused-parameter' '-Wno-unused-function' '-Wimplicit-fallthrough=0' '-Wno-sign-compare' '-Wno-error=missing-braces' '-v' '-o' 'CMakeFiles/cmTC_f3e62.dir/CMakeCXXCompilerABI.cpp.obj' '-c'
Linking CXX executable cmTC_f3e62
/usr/bin/cmake -E cmake_link_script CMakeFiles/cmTC_f3e62.dir/link.txt --verbose=1
/opt/kendryte-toolchain/bin/riscv64-unknown-elf-g++   -mcmodel=medany -mabi=lp64f -march=rv64imafc -fno-common -ffunction-sections -fdata-sections -fstrict-volatile-bitfields -ffast-math -fno-math-errno -fsingle-precision-constant -O2 -ggdb -std=gnu++17 -Wall -Werror=all -Wno-error=unused-function -Wno-error=unused-but-set-variable -Wno-error=unused-variable -Wno-error=deprecated-declarations -Wno-error=maybe-uninitialized -Wextra -Werror=frame-larger-than=65536 -Wno-unused-parameter -Wno-unused-function -Wno-implicit-fallthrough -Wno-sign-compare -Wno-error=missing-braces    -v CMakeFiles/cmTC_f3e62.dir/CMakeCXXCompilerABI.cpp.obj  -o cmTC_f3e62 
Using built-in specs.
COLLECT_GCC=/opt/kendryte-toolchain/bin/riscv64-unknown-elf-g++
COLLECT_LTO_WRAPPER=/opt/kendryte-toolchain/libexec/gcc/riscv64-unknown-elf/8.2.0/lto-wrapper
Target: riscv64-unknown-elf
Configured with: /home/kaliy/kendryte-gnu-toolchain/riscv-gcc/configure --target=riscv64-unknown-elf --prefix=/opt/kendryte-toolchain --disable-shared --enable-threads=posix --enable-languages=c,c++ --enable-libatomic --with-system-zlib --enable-tls --with-newlib --with-sysroot=/opt/kendryte-toolchain/riscv64-unknown-elf --with-native-system-header-dir=/include --disable-libmudflap --disable-libssp --disable-libquadmath --disable-libgomp --disable-nls --src=.././riscv-gcc --enable-checking=yes --disable-multilib --with-abi=lp64f --with-arch=rv64imafc 'CFLAGS_FOR_TARGET=-Os -ffunction-sections -fdata-sections  -mcmodel=medany' 'CXXFLAGS_FOR_TARGET=-Os -ffunction-sections -fdata-sections -mcmodel=medany'
Thread model: posix
gcc version 8.2.0 (GCC) 
COMPILER_PATH=/opt/kendryte-toolchain/libexec/gcc/riscv64-unknown-elf/8.2.0/:/opt/kendryte-toolchain/libexec/gcc/riscv64-unknown-elf/8.2.0/:/opt/kendryte-toolchain/libexec/gcc/riscv64-unknown-elf/:/opt/kendryte-toolchain/lib/gcc/riscv64-unknown-elf/8.2.0/:/opt/kendryte-toolchain/lib/gcc/riscv64-unknown-elf/:/opt/kendryte-toolchain/lib/gcc/riscv64-unknown-elf/8.2.0/../../../../riscv64-unknown-elf/bin/
LIBRARY_PATH=/opt/kendryte-toolchain/lib/gcc/riscv64-unknown-elf/8.2.0/:/opt/kendryte-toolchain/lib/gcc/riscv64-unknown-elf/8.2.0/../../../../riscv64-unknown-elf/lib/:/opt/kendryte-toolchain/riscv64-unknown-elf/lib/
COLLECT_GCC_OPTIONS='-mcmodel=medany' '-mabi=lp64f' '-march=rv64imafc' '-fno-common' '-ffunction-sections' '-fdata-sections' '-fstrict-volatile-bitfields' '-ffast-math' '-fno-math-errno' '-fsingle-precision-constant' '-O2' '-ggdb' '-std=gnu++17' '-Wall' '-Werror=all' '-Wno-error=unused-function' '-Wno-error=unused-but-set-variable' '-Wno-error=unused-variable' '-Wno-error=deprecated-declarations' '-Wno-error=maybe-uninitialized' '-Wextra' '-Werror=frame-larger-than=65536' '-Wno-unused-parameter' '-Wno-unused-function' '-Wimplicit-fallthrough=0' '-Wno-sign-compare' '-Wno-error=missing-braces' '-v' '-o' 'cmTC_f3e62'
 /opt/kendryte-toolchain/libexec/gcc/riscv64-unknown-elf/8.2.0/collect2 -plugin /opt/kendryte-toolchain/libexec/gcc/riscv64-unknown-elf/8.2.0/liblto_plugin.so -plugin-opt=/opt/kendryte-toolchain/libexec/gcc/riscv64-unknown-elf/8.2.0/lto-wrapper -plugin-opt=-fresolution=/tmp/ccAa8PLP.res -plugin-opt=-pass-through=-lgcc -plugin-opt=-pass-through=-lc -plugin-opt=-pass-through=-lgloss -plugin-opt=-pass-through=-lgcc --sysroot=/opt/kendryte-toolchain/riscv64-unknown-elf -melf64lriscv -o cmTC_f3e62 /opt/kendryte-toolchain/lib/gcc/riscv64-unknown-elf/8.2.0/../../../../riscv64-unknown-elf/lib/crt0.o /opt/kendryte-toolchain/lib/gcc/riscv64-unknown-elf/8.2.0/crtbegin.o -L/opt/kendryte-toolchain/lib/gcc/riscv64-unknown-elf/8.2.0 -L/opt/kendryte-toolchain/lib/gcc/riscv64-unknown-elf/8.2.0/../../../../riscv64-unknown-elf/lib -L/opt/kendryte-toolchain/riscv64-unknown-elf/lib CMakeFiles/cmTC_f3e62.dir/CMakeCXXCompilerABI.cpp.obj -lstdc++ -lm -lgcc --start-group -lc -lgloss --end-group -lgcc /opt/kendryte-toolchain/lib/gcc/riscv64-unknown-elf/8.2.0/crtend.o
/opt/kendryte-toolchain/lib/gcc/riscv64-unknown-elf/8.2.0/../../../../riscv64-unknown-elf/bin/ld: warning: cannot find entry symbol _start; defaulting to 00000000000100b0
COLLECT_GCC_OPTIONS='-mcmodel=medany' '-mabi=lp64f' '-march=rv64imafc' '-fno-common' '-ffunction-sections' '-fdata-sections' '-fstrict-volatile-bitfields' '-ffast-math' '-fno-math-errno' '-fsingle-precision-constant' '-O2' '-ggdb' '-std=gnu++17' '-Wall' '-Werror=all' '-Wno-error=unused-function' '-Wno-error=unused-but-set-variable' '-Wno-error=unused-variable' '-Wno-error=deprecated-declarations' '-Wno-error=maybe-uninitialized' '-Wextra' '-Werror=frame-larger-than=65536' '-Wno-unused-parameter' '-Wno-unused-function' '-Wimplicit-fallthrough=0' '-Wno-sign-compare' '-Wno-error=missing-braces' '-v' '-o' 'cmTC_f3e62'
make[1]: Leaving directory '/mnt/c/Users/yjy19/Desktop/K210/kendryte-freertos-sdk/CMakeFiles/CMakeTmp'



Parsed CXX implicit include dir info from above output: rv=done
  found start of include info
  found start of implicit include info
    add: [/opt/kendryte-toolchain/lib/gcc/riscv64-unknown-elf/8.2.0/../../../../riscv64-unknown-elf/include/c++/8.2.0]
    add: [/opt/kendryte-toolchain/lib/gcc/riscv64-unknown-elf/8.2.0/../../../../riscv64-unknown-elf/include/c++/8.2.0/riscv64-unknown-elf]
    add: [/opt/kendryte-toolchain/lib/gcc/riscv64-unknown-elf/8.2.0/../../../../riscv64-unknown-elf/include/c++/8.2.0/backward]
    add: [/opt/kendryte-toolchain/lib/gcc/riscv64-unknown-elf/8.2.0/include]
    add: [/opt/kendryte-toolchain/lib/gcc/riscv64-unknown-elf/8.2.0/include-fixed]
    add: [/opt/kendryte-toolchain/lib/gcc/riscv64-unknown-elf/8.2.0/../../../../riscv64-unknown-elf/include]
  end of search list found
  collapse include dir [/opt/kendryte-toolchain/lib/gcc/riscv64-unknown-elf/8.2.0/../../../../riscv64-unknown-elf/include/c++/8.2.0] ==> [/opt/kendryte-toolchain/riscv64-unknown-elf/include/c++/8.2.0]
  collapse include dir [/opt/kendryte-toolchain/lib/gcc/riscv64-unknown-elf/8.2.0/../../../../riscv64-unknown-elf/include/c++/8.2.0/riscv64-unknown-elf] ==> [/opt/kendryte-toolchain/riscv64-unknown-elf/include/c++/8.2.0/riscv64-unknown-elf]
  collapse include dir [/opt/kendryte-toolchain/lib/gcc/riscv64-unknown-elf/8.2.0/../../../../riscv64-unknown-elf/include/c++/8.2.0/backward] ==> [/opt/kendryte-toolchain/riscv64-unknown-elf/include/c++/8.2.0/backward]
  collapse include dir [/opt/kendryte-toolchain/lib/gcc/riscv64-unknown-elf/8.2.0/include] ==> [/opt/kendryte-toolchain/lib/gcc/riscv64-unknown-elf/8.2.0/include]
  collapse include dir [/opt/kendryte-toolchain/lib/gcc/riscv64-unknown-elf/8.2.0/include-fixed] ==> [/opt/kendryte-toolchain/lib/gcc/riscv64-unknown-elf/8.2.0/include-fixed]
  collapse include dir [/opt/kendryte-toolchain/lib/gcc/riscv64-unknown-elf/8.2.0/../../../../riscv64-unknown-elf/include] ==> [/opt/kendryte-toolchain/riscv64-unknown-elf/include]
  implicit include dirs: [/opt/kendryte-toolchain/riscv64-unknown-elf/include/c++/8.2.0;/opt/kendryte-toolchain/riscv64-unknown-elf/include/c++/8.2.0/riscv64-unknown-elf;/opt/kendryte-toolchain/riscv64-unknown-elf/include/c++/8.2.0/backward;/opt/kendryte-toolchain/lib/gcc/riscv64-unknown-elf/8.2.0/include;/opt/kendryte-toolchain/lib/gcc/riscv64-unknown-elf/8.2.0/include-fixed;/opt/kendryte-toolchain/riscv64-unknown-elf/include]


Parsed CXX implicit link information from above output:
  link line regex: [^( *|.*[/\])(riscv64-unknown-elf-ld|CMAKE_LINK_STARTFILE-NOTFOUND|([^/\]+-)?ld|collect2)[^/\]*( |$)]
  ignore line: [Change Dir: /mnt/c/Users/yjy19/Desktop/K210/kendryte-freertos-sdk/CMakeFiles/CMakeTmp]
  ignore line: []
  ignore line: [Run Build Command(s):/usr/bin/make cmTC_f3e62/fast && /usr/bin/make -f CMakeFiles/cmTC_f3e62.dir/build.make CMakeFiles/cmTC_f3e62.dir/build]
  ignore line: [make[1]: Entering directory '/mnt/c/Users/yjy19/Desktop/K210/kendryte-freertos-sdk/CMakeFiles/CMakeTmp']
  ignore line: [Building CXX object CMakeFiles/cmTC_f3e62.dir/CMakeCXXCompilerABI.cpp.obj]
  ignore line: [/opt/kendryte-toolchain/bin/riscv64-unknown-elf-g++    -mcmodel=medany -mabi=lp64f -march=rv64imafc -fno-common -ffunction-sections -fdata-sections -fstrict-volatile-bitfields -ffast-math -fno-math-errno -fsingle-precision-constant -O2 -ggdb -std=gnu++17 -Wall -Werror=all -Wno-error=unused-function -Wno-error=unused-but-set-variable -Wno-error=unused-variable -Wno-error=deprecated-declarations -Wno-error=maybe-uninitialized -Wextra -Werror=frame-larger-than=65536 -Wno-unused-parameter -Wno-unused-function -Wno-implicit-fallthrough -Wno-sign-compare -Wno-error=missing-braces    -v -o CMakeFiles/cmTC_f3e62.dir/CMakeCXXCompilerABI.cpp.obj -c /usr/share/cmake-3.16/Modules/CMakeCXXCompilerABI.cpp]
  ignore line: [Using built-in specs.]
  ignore line: [COLLECT_GCC=/opt/kendryte-toolchain/bin/riscv64-unknown-elf-g++]
  ignore line: [Target: riscv64-unknown-elf]
  ignore line: [Configured with: /home/kaliy/kendryte-gnu-toolchain/riscv-gcc/configure --target=riscv64-unknown-elf --prefix=/opt/kendryte-toolchain --disable-shared --enable-threads=posix --enable-languages=c c++ --enable-libatomic --with-system-zlib --enable-tls --with-newlib --with-sysroot=/opt/kendryte-toolchain/riscv64-unknown-elf --with-native-system-header-dir=/include --disable-libmudflap --disable-libssp --disable-libquadmath --disable-libgomp --disable-nls --src=.././riscv-gcc --enable-checking=yes --disable-multilib --with-abi=lp64f --with-arch=rv64imafc 'CFLAGS_FOR_TARGET=-Os -ffunction-sections -fdata-sections  -mcmodel=medany' 'CXXFLAGS_FOR_TARGET=-Os -ffunction-sections -fdata-sections -mcmodel=medany']
  ignore line: [Thread model: posix]
  ignore line: [gcc version 8.2.0 (GCC) ]
  ignore line: [COLLECT_GCC_OPTIONS='-mcmodel=medany' '-mabi=lp64f' '-march=rv64imafc' '-fno-common' '-ffunction-sections' '-fdata-sections' '-fstrict-volatile-bitfields' '-ffast-math' '-fno-math-errno' '-fsingle-precision-constant' '-O2' '-ggdb' '-std=gnu++17' '-Wall' '-Werror=all' '-Wno-error=unused-function' '-Wno-error=unused-but-set-variable' '-Wno-error=unused-variable' '-Wno-error=deprecated-declarations' '-Wno-error=maybe-uninitialized' '-Wextra' '-Werror=frame-larger-than=65536' '-Wno-unused-parameter' '-Wno-unused-function' '-Wimplicit-fallthrough=0' '-Wno-sign-compare' '-Wno-error=missing-braces' '-v' '-o' 'CMakeFiles/cmTC_f3e62.dir/CMakeCXXCompilerABI.cpp.obj' '-c']
  ignore line: [ /opt/kendryte-toolchain/libexec/gcc/riscv64-unknown-elf/8.2.0/cc1plus -quiet -v /usr/share/cmake-3.16/Modules/CMakeCXXCompilerABI.cpp -quiet -dumpbase CMakeCXXCompilerABI.cpp -mcmodel=medany -mabi=lp64f -march=rv64imafc -auxbase-strip CMakeFiles/cmTC_f3e62.dir/CMakeCXXCompilerABI.cpp.obj -ggdb -O2 -Wall -Werror=all -Wno-error=unused-function -Wno-error=unused-but-set-variable -Wno-error=unused-variable -Wno-error=deprecated-declarations -Wno-error=maybe-uninitialized -Wextra -Werror=frame-larger-than=65536 -Wno-unused-parameter -Wno-unused-function -Wimplicit-fallthrough=0 -Wno-sign-compare -Wno-error=missing-braces -std=gnu++17 -version -fno-common -ffunction-sections -fdata-sections -fstrict-volatile-bitfields -ffast-math -fno-math-errno -fsingle-precision-constant -o /tmp/cc3T2euk.s]
  ignore line: [GNU C++17 (GCC) version 8.2.0 (riscv64-unknown-elf)]
  ignore line: [	compiled by GNU C version 9.4.0  GMP version 6.2.0  MPFR version 4.0.2  MPC version 1.1.0  isl version none]
  ignore line: [GGC heuristics: --param ggc-min-expand=30 --param ggc-min-heapsize=4096]
  ignore line: [ignoring nonexistent directory "/opt/kendryte-toolchain/riscv64-unknown-elf/usr/local/include"]
  ignore line: [ignoring duplicate directory "/opt/kendryte-toolchain/riscv64-unknown-elf/include"]
  ignore line: [#include "..." search starts here:]
  ignore line: [#include <...> search starts here:]
  ignore line: [ /opt/kendryte-toolchain/lib/gcc/riscv64-unknown-elf/8.2.0/../../../../riscv64-unknown-elf/include/c++/8.2.0]
  ignore line: [ /opt/kendryte-toolchain/lib/gcc/riscv64-unknown-elf/8.2.0/../../../../riscv64-unknown-elf/include/c++/8.2.0/riscv64-unknown-elf]
  ignore line: [ /opt/kendryte-toolchain/lib/gcc/riscv64-unknown-elf/8.2.0/../../../../riscv64-unknown-elf/include/c++/8.2.0/backward]
  ignore line: [ /opt/kendryte-toolchain/lib/gcc/riscv64-unknown-elf/8.2.0/include]
  ignore line: [ /opt/kendryte-toolchain/lib/gcc/riscv64-unknown-elf/8.2.0/include-fixed]
  ignore line: [ /opt/kendryte-toolchain/lib/gcc/riscv64-unknown-elf/8.2.0/../../../../riscv64-unknown-elf/include]
  ignore line: [End of search list.]
  ignore line: [GNU C++17 (GCC) version 8.2.0 (riscv64-unknown-elf)]
  ignore line: [	compiled by GNU C version 9.4.0  GMP version 6.2.0  MPFR version 4.0.2  MPC version 1.1.0  isl version none]
  ignore line: [GGC heuristics: --param ggc-min-expand=30 --param ggc-min-heapsize=4096]
  ignore line: [Compiler executable checksum: c0610ddd99ef4e2df0467d3e70730ede]
  ignore line: [COLLECT_GCC_OPTIONS='-mcmodel=medany' '-mabi=lp64f' '-march=rv64imafc' '-fno-common' '-ffunction-sections' '-fdata-sections' '-fstrict-volatile-bitfields' '-ffast-math' '-fno-math-errno' '-fsingle-precision-constant' '-O2' '-ggdb' '-std=gnu++17' '-Wall' '-Werror=all' '-Wno-error=unused-function' '-Wno-error=unused-but-set-variable' '-Wno-error=unused-variable' '-Wno-error=deprecated-declarations' '-Wno-error=maybe-uninitialized' '-Wextra' '-Werror=frame-larger-than=65536' '-Wno-unused-parameter' '-Wno-unused-function' '-Wimplicit-fallthrough=0' '-Wno-sign-compare' '-Wno-error=missing-braces' '-v' '-o' 'CMakeFiles/cmTC_f3e62.dir/CMakeCXXCompilerABI.cpp.obj' '-c']
  ignore line: [ /opt/kendryte-toolchain/lib/gcc/riscv64-unknown-elf/8.2.0/../../../../riscv64-unknown-elf/bin/as -v --traditional-format -march=rv64imafc -mabi=lp64f -o CMakeFiles/cmTC_f3e62.dir/CMakeCXXCompilerABI.cpp.obj /tmp/cc3T2euk.s]
  ignore line: [GNU assembler version 2.31.51 (riscv64-unknown-elf) using BFD version (GNU Binutils) 2.31.51]
  ignore line: [COMPILER_PATH=/opt/kendryte-toolchain/libexec/gcc/riscv64-unknown-elf/8.2.0/:/opt/kendryte-toolchain/libexec/gcc/riscv64-unknown-elf/8.2.0/:/opt/kendryte-toolchain/libexec/gcc/riscv64-unknown-elf/:/opt/kendryte-toolchain/lib/gcc/riscv64-unknown-elf/8.2.0/:/opt/kendryte-toolchain/lib/gcc/riscv64-unknown-elf/:/opt/kendryte-toolchain/lib/gcc/riscv64-unknown-elf/8.2.0/../../../../riscv64-unknown-elf/bin/]
  ignore line: [LIBRARY_PATH=/opt/kendryte-toolchain/lib/gcc/riscv64-unknown-elf/8.2.0/:/opt/kendryte-toolchain/lib/gcc/riscv64-unknown-elf/8.2.0/../../../../riscv64-unknown-elf/lib/:/opt/kendryte-toolchain/riscv64-unknown-elf/lib/]
  ignore line: [COLLECT_GCC_OPTIONS='-mcmodel=medany' '-mabi=lp64f' '-march=rv64imafc' '-fno-common' '-ffunction-sections' '-fdata-sections' '-fstrict-volatile-bitfields' '-ffast-math' '-fno-math-errno' '-fsingle-precision-constant' '-O2' '-ggdb' '-std=gnu++17' '-Wall' '-Werror=all' '-Wno-error=unused-function' '-Wno-error=unused-but-set-variable' '-Wno-error=unused-variable' '-Wno-error=deprecated-declarations' '-Wno-error=maybe-uninitialized' '-Wextra' '-Werror=frame-larger-than=65536' '-Wno-unused-parameter' '-Wno-unused-function' '-Wimplicit-fallthrough=0' '-Wno-sign-compare' '-Wno-error=missing-braces' '-v' '-o' 'CMakeFiles/cmTC_f3e62.dir/CMakeCXXCompilerABI.cpp.obj' '-c']
  ignore line: [Linking CXX executable cmTC_f3e62]
  ignore line: [/usr/bin/cmake -E cmake_link_script CMakeFiles/cmTC_f3e62.dir/link.txt --verbose=1]
  ignore line: [/opt/kendryte-toolchain/bin/riscv64-unknown-elf-g++   -mcmodel=medany -mabi=lp64f -march=rv64imafc -fno-common -ffunction-sections -fdata-sections -fstrict-volatile-bitfields -ffast-math -fno-math-errno -fsingle-precision-constant -O2 -ggdb -std=gnu++17 -Wall -Werror=all -Wno-error=unused-function -Wno-error=unused-but-set-variable -Wno-error=unused-variable -Wno-error=deprecated-declarations -Wno-error=maybe-uninitialized -Wextra -Werror=frame-larger-than=65536 -Wno-unused-parameter -Wno-unused-function -Wno-implicit-fallthrough -Wno-sign-compare -Wno-error=missing-braces    -v CMakeFiles/cmTC_f3e62.dir/CMakeCXXCompilerABI.cpp.obj  -o cmTC_f3e62 ]
  ignore line: [Using built-in specs.]
  ignore line: [COLLECT_GCC=/opt/kendryte-toolchain/bin/riscv64-unknown-elf-g++]
  ignore line: [COLLECT_LTO_WRAPPER=/opt/kendryte-toolchain/libexec/gcc/riscv64-unknown-elf/8.2.0/lto-wrapper]
  ignore line: [Target: riscv64-unknown-elf]
  ignore line: [Configured with: /home/kaliy/kendryte-gnu-toolchain/riscv-gcc/configure --target=riscv64-unknown-elf --prefix=/opt/kendryte-toolchain --disable-shared --enable-threads=posix --enable-languages=c c++ --enable-libatomic --with-system-zlib --enable-tls --with-newlib --with-sysroot=/opt/kendryte-toolchain/riscv64-unknown-elf --with-native-system-header-dir=/include --disable-libmudflap --disable-libssp --disable-libquadmath --disable-libgomp --disable-nls --src=.././riscv-gcc --enable-checking=yes --disable-multilib --with-abi=lp64f --with-arch=rv64imafc 'CFLAGS_FOR_TARGET=-Os -ffunction-sections -fdata-sections  -mcmodel=medany' 'CXXFLAGS_FOR_TARGET=-Os -ffunction-sections -fdata-sections -mcmodel=medany']
  ignore line: [Thread model: posix]
  ignore line: [gcc version 8.2.0 (GCC) ]
  ignore line: [COMPILER_PATH=/opt/kendryte-toolchain/libexec/gcc/riscv64-unknown-elf/8.2.0/:/opt/kendryte-toolchain/libexec/gcc/riscv64-unknown-elf/8.2.0/:/opt/kendryte-toolchain/libexec/gcc/riscv64-unknown-elf/:/opt/kendryte-toolchain/lib/gcc/riscv64-unknown-elf/8.2.0/:/opt/kendryte-toolchain/lib/gcc/riscv64-unknown-elf/:/opt/kendryte-toolchain/lib/gcc/riscv64-unknown-elf/8.2.0/../../../../riscv64-unknown-elf/bin/]
  ignore line: [LIBRARY_PATH=/opt/kendryte-toolchain/lib/gcc/riscv64-unknown-elf/8.2.0/:/opt/kendryte-toolchain/lib/gcc/riscv64-unknown-elf/8.2.0/../../../../riscv64-unknown-elf/lib/:/opt/kendryte-toolchain/riscv64-unknown-elf/lib/]
  ignore line: [COLLECT_GCC_OPTIONS='-mcmodel=medany' '-mabi=lp64f' '-march=rv64imafc' '-fno-common' '-ffunction-sections' '-fdata-sections' '-fstrict-volatile-bitfields' '-ffast-math' '-fno-math-errno' '-fsingle-precision-constant' '-O2' '-ggdb' '-std=gnu++17' '-Wall' '-Werror=all' '-Wno-error=unused-function' '-Wno-error=unused-but-set-variable' '-Wno-error=unused-variable' '-Wno-error=deprecated-declarations' '-Wno-error=maybe-uninitialized' '-Wextra' '-Werror=frame-larger-than=65536' '-Wno-unused-parameter' '-Wno-unused-function' '-Wimplicit-fallthrough=0' '-Wno-sign-compare' '-Wno-error=missing-braces' '-v' '-o' 'cmTC_f3e62']
  link line: [ /opt/kendryte-toolchain/libexec/gcc/riscv64-unknown-elf/8.2.0/collect2 -plugin /opt/kendryte-toolchain/libexec/gcc/riscv64-unknown-elf/8.2.0/liblto_plugin.so -plugin-opt=/opt/kendryte-toolchain/libexec/gcc/riscv64-unknown-elf/8.2.0/lto-wrapper -plugin-opt=-fresolution=/tmp/ccAa8PLP.res -plugin-opt=-pass-through=-lgcc -plugin-opt=-pass-through=-lc -plugin-opt=-pass-through=-lgloss -plugin-opt=-pass-through=-lgcc --sysroot=/opt/kendryte-toolchain/riscv64-unknown-elf -melf64lriscv -o cmTC_f3e62 /opt/kendryte-toolchain/lib/gcc/riscv64-unknown-elf/8.2.0/../../../../riscv64-unknown-elf/lib/crt0.o /opt/kendryte-toolchain/lib/gcc/riscv64-unknown-elf/8.2.0/crtbegin.o -L/opt/kendryte-toolchain/lib/gcc/riscv64-unknown-elf/8.2.0 -L/opt/kendryte-toolchain/lib/gcc/riscv64-unknown-elf/8.2.0/../../../../riscv64-unknown-elf/lib -L/opt/kendryte-toolchain/riscv64-unknown-elf/lib CMakeFiles/cmTC_f3e62.dir/CMakeCXXCompilerABI.cpp.obj -lstdc++ -lm -lgcc --start-group -lc -lgloss --end-group -lgcc /opt/kendryte-toolchain/lib/gcc/riscv64-unknown-elf/8.2.0/crtend.o]
    arg [/opt/kendryte-toolchain/libexec/gcc/riscv64-unknown-elf/8.2.0/collect2] ==> ignore
    arg [-plugin] ==> ignore
    arg [/opt/kendryte-toolchain/libexec/gcc/riscv64-unknown-elf/8.2.0/liblto_plugin.so] ==> ignore
    arg [-plugin-opt=/opt/kendryte-toolchain/libexec/gcc/riscv64-unknown-elf/8.2.0/lto-wrapper] ==> ignore
    arg [-plugin-opt=-fresolution=/tmp/ccAa8PLP.res] ==> ignore
    arg [-plugin-opt=-pass-through=-lgcc] ==> ignore
    arg [-plugin-opt=-pass-through=-lc] ==> ignore
    arg [-plugin-opt=-pass-through=-lgloss] ==> ignore
    arg [-plugin-opt=-pass-through=-lgcc] ==> ignore
    arg [--sysroot=/opt/kendryte-toolchain/riscv64-unknown-elf] ==> ignore
    arg [-melf64lriscv] ==> ignore
    arg [-o] ==> ignore
    arg [cmTC_f3e62] ==> ignore
    arg [/opt/kendryte-toolchain/lib/gcc/riscv64-unknown-elf/8.2.0/../../../../riscv64-unknown-elf/lib/crt0.o] ==> ignore
    arg [/opt/kendryte-toolchain/lib/gcc/riscv64-unknown-elf/8.2.0/crtbegin.o] ==> ignore
    arg [-L/opt/kendryte-toolchain/lib/gcc/riscv64-unknown-elf/8.2.0] ==> dir [/opt/kendryte-toolchain/lib/gcc/riscv64-unknown-elf/8.2.0]
    arg [-L/opt/kendryte-toolchain/lib/gcc/riscv64-unknown-elf/8.2.0/../../../../riscv64-unknown-elf/lib] ==> dir [/opt/kendryte-toolchain/lib/gcc/riscv64-unknown-elf/8.2.0/../../../../riscv64-unknown-elf/lib]
    arg [-L/opt/kendryte-toolchain/riscv64-unknown-elf/lib] ==> dir [/opt/kendryte-toolchain/riscv64-unknown-elf/lib]
    arg [CMakeFiles/cmTC_f3e62.dir/CMakeCXXCompilerABI.cpp.obj] ==> ignore
    arg [-lstdc++] ==> lib [stdc++]
    arg [-lm] ==> lib [m]
    arg [-lgcc] ==> lib [gcc]
    arg [--start-group] ==> ignore
    arg [-lc] ==> lib [c]
    arg [-lgloss] ==> lib [gloss]
    arg [--end-group] ==> ignore
    arg [-lgcc] ==> lib [gcc]
    arg [/opt/kendryte-toolchain/lib/gcc/riscv64-unknown-elf/8.2.0/crtend.o] ==> ignore
  collapse library dir [/opt/kendryte-toolchain/lib/gcc/riscv64-unknown-elf/8.2.0] ==> [/opt/kendryte-toolchain/lib/gcc/riscv64-unknown-elf/8.2.0]
  collapse library dir [/opt/kendryte-toolchain/lib/gcc/riscv64-unknown-elf/8.2.0/../../../../riscv64-unknown-elf/lib] ==> [/opt/kendryte-toolchain/riscv64-unknown-elf/lib]
  collapse library dir [/opt/kendryte-toolchain/riscv64-unknown-elf/lib] ==> [/opt/kendryte-toolchain/riscv64-unknown-elf/lib]
  implicit libs: [stdc++;m;gcc;c;gloss;gcc]
  implicit dirs: [/opt/kendryte-toolchain/lib/gcc/riscv64-unknown-elf/8.2.0;/opt/kendryte-toolchain/riscv64-unknown-elf/lib]
  implicit fwks: []


